<?xml version="1.0" encoding="UTF-8"?>
<!-- Generated by org.testng.reporters.JUnitReportReporter -->
<testsuite hostname="Shriram" name="com.build.checkout.CheckoutTest" tests="1" failures="0" timestamp="27 Aug 2017 02:36:24 GMT" time="69.263" errors="0">
  <testcase name="performTest" time="69.263" classname="com.build.checkout.CheckoutTest"/>
</testsuite> <!-- com.build.checkout.CheckoutTest -->
